<?xml version="1.0" encoding="UTF-8"?>
<!-- Generated by org.testng.reporters.JUnitXMLReporter -->
<testsuite ignored="4" hostname="DESKTOP-9P6IIEM" failures="0" tests="2" name="Test" time="0.075" errors="0" timestamp="2025-09-09T10:37:06 IST">
  <testcase classname="com.crm.generic.orgTest.CreateOrg_BaseClass" name="createOrg" time="0.009"/>
  <testcase classname="Practice_BaseClass_SuiteExecution.createContact_BaseClass" name="createContact" time="0.001"/>
  <testcase classname="Practice_BaseClass_SuiteExecution.createContact_BaseClass" name="createContactWithNum" time="0.0">
    <ignored/>
  </testcase> <!-- createContactWithNum -->
  <testcase classname="com.crm.generic.orgTest.CreateOrg_BaseClass" name="createOrgWithInd" time="0.0">
    <ignored/>
  </testcase> <!-- createOrgWithInd -->
  <testcase classname="com.crm.generic.baseUtility.BaseClass" name="@BeforeSuite configBS" time="0.0">
    <ignored/>
  </testcase> <!-- @BeforeSuite configBS -->
  <testcase classname="com.crm.generic.baseUtility.BaseClass" name="@AfterSuite ConfigAS" time="0.0">
    <ignored/>
  </testcase> <!-- @AfterSuite ConfigAS -->
</testsuite> <!-- Test -->
