<?xml version="1.0" encoding="UTF-8"?>
<!-- Generated by org.testng.reporters.JUnitXMLReporter -->
<testsuite ignored="2" hostname="DESKTOP-9P6IIEM" failures="0" tests="4" name="TestRunner-Firefox" time="0.18" errors="0" timestamp="2025-09-09T11:06:54 IST">
  <testcase classname="com.crm.generic.orgTest.CreateOrg_BaseClass" name="createOrg" time="0.015"/>
  <testcase classname="com.crm.generic.orgTest.CreateOrg_BaseClass" name="createOrgWithInd" time="0.003"/>
  <testcase classname="Practice_BaseClass_SuiteExecution.createContact_BaseClass" name="createContact" time="0.005"/>
  <testcase classname="Practice_BaseClass_SuiteExecution.createContact_BaseClass" name="createContactWithNum" time="0.006"/>
  <testcase classname="com.crm.generic.baseUtility.BaseClass" name="@AfterSuite ConfigAS" time="0.0">
    <ignored/>
  </testcase> <!-- @AfterSuite ConfigAS -->
  <testcase classname="com.crm.generic.baseUtility.BaseClass" name="@BeforeSuite configBS" time="0.0">
    <ignored/>
  </testcase> <!-- @BeforeSuite configBS -->
</testsuite> <!-- TestRunner-Firefox -->
