<?xml version="1.0" encoding="UTF-8"?>
<testng-results ignored="0" total="3" passed="3" failed="0" skipped="0">
  <reporter-output>
  </reporter-output>
  <suite started-at="2025-09-12T15:37:38 IST" name="Default suite" finished-at="2025-09-12T15:37:38 IST" duration-ms="56">
    <groups>
    </groups>
    <test started-at="2025-09-12T15:37:38 IST" name="Default test" finished-at="2025-09-12T15:37:38 IST" duration-ms="56">
      <class name="Practice.TestNG.sampleReportTest">
        <test-method is-config="true" signature="configBS()[pri:0, instance:Practice.TestNG.sampleReportTest@233795b6]" started-at="2025-09-12T15:37:38 IST" name="configBS" finished-at="2025-09-12T15:37:38 IST" duration-ms="233" status="PASS">
          <reporter-output>
          </reporter-output>
        </test-method> <!-- configBS -->
        <test-method signature="createContactOrg()[pri:0, instance:Practice.TestNG.sampleReportTest@233795b6]" started-at="2025-09-12T15:37:38 IST" name="createContactOrg" finished-at="2025-09-12T15:37:38 IST" duration-ms="15" status="PASS">
          <reporter-output>
          </reporter-output>
        </test-method> <!-- createContactOrg -->
        <test-method signature="createContactTest()[pri:0, instance:Practice.TestNG.sampleReportTest@233795b6]" started-at="2025-09-12T15:37:38 IST" name="createContactTest" finished-at="2025-09-12T15:37:38 IST" duration-ms="2" status="PASS">
          <reporter-output>
          </reporter-output>
        </test-method> <!-- createContactTest -->
        <test-method signature="createContactWithPhoneNumberTest()[pri:0, instance:Practice.TestNG.sampleReportTest@233795b6]" started-at="2025-09-12T15:37:38 IST" name="createContactWithPhoneNumberTest" finished-at="2025-09-12T15:37:38 IST" duration-ms="2" status="PASS">
          <reporter-output>
          </reporter-output>
        </test-method> <!-- createContactWithPhoneNumberTest -->
        <test-method is-config="true" signature="AS()[pri:0, instance:Practice.TestNG.sampleReportTest@233795b6]" started-at="2025-09-12T15:37:38 IST" name="AS" finished-at="2025-09-12T15:37:38 IST" duration-ms="273" status="PASS">
          <reporter-output>
          </reporter-output>
        </test-method> <!-- AS -->
      </class> <!-- Practice.TestNG.sampleReportTest -->
    </test> <!-- Default test -->
  </suite> <!-- Default suite -->
</testng-results>
