<?xml version="1.0" encoding="UTF-8"?>
<testng-results ignored="0" total="1" passed="1" failed="0" skipped="0">
  <reporter-output>
  </reporter-output>
  <suite started-at="2025-09-17T13:15:57 IST" name="Default suite" finished-at="2025-09-17T13:15:57 IST" duration-ms="148">
    <groups>
    </groups>
    <test started-at="2025-09-17T13:15:57 IST" name="Default test" finished-at="2025-09-17T13:15:57 IST" duration-ms="148">
      <class name="Practice.TestNG.CreateOldContact">
        <test-method signature="methodName()[pri:0, instance:Practice.TestNG.CreateOldContact@3e694b3f]" started-at="2025-09-17T13:15:57 IST" name="methodName" finished-at="2025-09-17T13:15:57 IST" duration-ms="20" status="PASS">
          <reporter-output>
          </reporter-output>
        </test-method> <!-- methodName -->
      </class> <!-- Practice.TestNG.CreateOldContact -->
    </test> <!-- Default test -->
  </suite> <!-- Default suite -->
</testng-results>
